Chet was added
They are player number 1
Pat was added
They are player number 2
Sue was added
They are player number 3
Chet is the current player
They have rolled a 5
Chet's new location is 5
The category is Science
Science Question 0
Answer was correct!!!!
Chet now has 1 Gold Coins.
Pat is the current player
They have rolled a 4
Pat's new location is 4
The category is Pop
Pop Question 0
Answer was correct!!!!
Pat now has 1 Gold Coins.
Sue is the current player
They have rolled a 4
Sue's new location is 4
The category is Pop
Pop Question 1
Answer was correct!!!!
Sue now has 1 Gold Coins.
Chet is the current player
They have rolled a 1
Chet's new location is 6
The category is Sports
Sports Question 0
Answer was correct!!!!
Chet now has 2 Gold Coins.
Pat is the current player
They have rolled a 1
Pat's new location is 5
The category is Science
Science Question 1
Answer was correct!!!!
Pat now has 2 Gold Coins.
Sue is the current player
They have rolled a 1
Sue's new location is 5
The category is Science
Science Question 2
Answer was correct!!!!
Sue now has 2 Gold Coins.
Chet is the current player
They have rolled a 6
Chet's new location is 0
The category is Pop
Pop Question 2
Answer was correct!!!!
Chet now has 3 Gold Coins.
Pat is the current player
They have rolled a 2
Pat's new location is 7
The category is Rock
Rock Question 0
Answer was correct!!!!
Pat now has 3 Gold Coins.
Sue is the current player
They have rolled a 4
Sue's new location is 9
The category is Science
Science Question 3
Answer was correct!!!!
Sue now has 3 Gold Coins.
Chet is the current player
They have rolled a 3
Chet's new location is 3
The category is Rock
Rock Question 1
Answer was correct!!!!
Chet now has 4 Gold Coins.
Pat is the current player
They have rolled a 4
Pat's new location is 11
The category is Rock
Rock Question 2
Answer was correct!!!!
Pat now has 4 Gold Coins.
Sue is the current player
They have rolled a 5
Sue's new location is 2
The category is Sports
Sports Question 1
Answer was correct!!!!
Sue now has 4 Gold Coins.
Chet is the current player
They have rolled a 4
Chet's new location is 7
The category is Rock
Rock Question 3
Answer was correct!!!!
Chet now has 5 Gold Coins.
Pat is the current player
They have rolled a 2
Pat's new location is 1
The category is Science
Science Question 4
Answer was correct!!!!
Pat now has 5 Gold Coins.
Sue is the current player
They have rolled a 6
Sue's new location is 8
The category is Pop
Pop Question 3
Answer was correct!!!!
Sue now has 5 Gold Coins.
Chet is the current player
They have rolled a 1
Chet's new location is 8
The category is Pop
Pop Question 4
Answer was correct!!!!
Chet now has 6 Gold Coins.
Pat is the current player
They have rolled a 4
Pat's new location is 5
The category is Science
Science Question 5
Answer was correct!!!!
Pat now has 6 Gold Coins.
Sue is the current player
They have rolled a 6
Sue's new location is 2
The category is Sports
Sports Question 2
Answer was correct!!!!
Sue now has 6 Gold Coins.
Chet is the current player
They have rolled a 5
Chet's new location is 1
The category is Science
Science Question 6
Answer was correct!!!!
Chet now has 7 Gold Coins.
Pat is the current player
They have rolled a 5
Pat's new location is 10
The category is Sports
Sports Question 3
Answer was correct!!!!
Pat now has 7 Gold Coins.
Sue is the current player
They have rolled a 4
Sue's new location is 6
The category is Sports
Sports Question 4
Answer was correct!!!!
Sue now has 7 Gold Coins.
Chet is the current player
They have rolled a 6
Chet's new location is 7
The category is Rock
Rock Question 4
Answer was correct!!!!
Chet now has 8 Gold Coins.
Pat is the current player
They have rolled a 6
Pat's new location is 4
The category is Pop
Pop Question 5
Answer was correct!!!!
Pat now has 8 Gold Coins.
Sue is the current player
They have rolled a 5
Sue's new location is 11
The category is Rock
Rock Question 5
Answer was correct!!!!
Sue now has 8 Gold Coins.
Chet is the current player
They have rolled a 6
Chet's new location is 1
The category is Science
Science Question 7
Answer was correct!!!!
Chet now has 9 Gold Coins.
Pat is the current player
They have rolled a 6
Pat's new location is 10
The category is Sports
Sports Question 5
Answer was correct!!!!
Pat now has 9 Gold Coins.
Sue is the current player
They have rolled a 4
Sue's new location is 3
The category is Rock
Rock Question 6
Question was incorrectly answered
Sue was sent to the penalty box
Chet is the current player
They have rolled a 5
Chet's new location is 6
The category is Sports
Sports Question 6
Answer was correct!!!!
Chet now has 10 Gold Coins.
Pat is the current player
They have rolled a 1
Pat's new location is 11
The category is Rock
Rock Question 7
Answer was correct!!!!
Pat now has 10 Gold Coins.
Sue is the current player
They have rolled a 1
Sue is getting out of the penalty box
Sue's new location is 4
The category is Pop
Pop Question 6
Answer was correct!!!!
Sue now has 9 Gold Coins.
Chet is the current player
They have rolled a 3
Chet's new location is 9
The category is Science
Science Question 8
Answer was correct!!!!
Chet now has 11 Gold Coins.
Pat is the current player
They have rolled a 4
Pat's new location is 3
The category is Rock
Rock Question 8
Answer was correct!!!!
Pat now has 11 Gold Coins.
Sue is the current player
They have rolled a 1
Sue is getting out of the penalty box
Sue's new location is 5
The category is Science
Science Question 9
Answer was correct!!!!
Sue now has 10 Gold Coins.
Chet is the current player
They have rolled a 6
Chet's new location is 3
The category is Rock
Rock Question 9
Answer was correct!!!!
Chet now has 12 Gold Coins.
Pat is the current player
They have rolled a 6
Pat's new location is 9
The category is Science
Science Question 10
Answer was correct!!!!
Pat now has 12 Gold Coins.
Sue is the current player
They have rolled a 3
Sue is getting out of the penalty box
Sue's new location is 8
The category is Pop
Pop Question 7
Question was incorrectly answered
Sue was sent to the penalty box
Chet is the current player
They have rolled a 2
Chet's new location is 5
The category is Science
Science Question 11
Answer was correct!!!!
Chet now has 13 Gold Coins.
Pat is the current player
They have rolled a 6
Pat's new location is 3
The category is Rock
Rock Question 10
Answer was correct!!!!
Pat now has 13 Gold Coins.
Sue is the current player
They have rolled a 2
Sue is not getting out of the penalty box
Chet is the current player
They have rolled a 3
Chet's new location is 8
The category is Pop
Pop Question 8
Answer was correct!!!!
Chet now has 14 Gold Coins.
Pat is the current player
They have rolled a 6
Pat's new location is 9
The category is Science
Science Question 12
Answer was correct!!!!
Pat now has 14 Gold Coins.
Sue is the current player
They have rolled a 3
Sue is getting out of the penalty box
Sue's new location is 11
The category is Rock
Rock Question 11
Question was incorrectly answered
Sue was sent to the penalty box
Chet is the current player
They have rolled a 4
Chet's new location is 0
The category is Pop
Pop Question 9
Answer was correct!!!!
Chet now has 15 Gold Coins.
Pat is the current player
They have rolled a 3
Pat's new location is 0
The category is Pop
Pop Question 10
Answer was correct!!!!
Pat now has 15 Gold Coins.
Sue is the current player
They have rolled a 4
Sue is not getting out of the penalty box
Chet is the current player
They have rolled a 2
Chet's new location is 2
The category is Sports
Sports Question 7
Answer was correct!!!!
Chet now has 16 Gold Coins.
Pat is the current player
They have rolled a 2
Pat's new location is 2
The category is Sports
Sports Question 8
Answer was correct!!!!
Pat now has 16 Gold Coins.
Sue is the current player
They have rolled a 3
Sue is getting out of the penalty box
Sue's new location is 2
The category is Sports
Sports Question 9
Answer was correct!!!!
Sue now has 11 Gold Coins.
Chet is the current player
They have rolled a 6
Chet's new location is 8
The category is Pop
Pop Question 11
Answer was correct!!!!
Chet now has 17 Gold Coins.
Pat is the current player
They have rolled a 4
Pat's new location is 6
The category is Sports
Sports Question 10
Answer was correct!!!!
Pat now has 17 Gold Coins.
Sue is the current player
They have rolled a 4
Sue is not getting out of the penalty box
Chet is the current player
They have rolled a 6
Chet's new location is 2
The category is Sports
Sports Question 11
Answer was correct!!!!
Chet now has 18 Gold Coins.
Pat is the current player
They have rolled a 3
Pat's new location is 9
The category is Science
Science Question 13
Answer was correct!!!!
Pat now has 18 Gold Coins.
Sue is the current player
They have rolled a 4
Sue is not getting out of the penalty box
Chet is the current player
They have rolled a 3
Chet's new location is 5
The category is Science
Science Question 14
Answer was correct!!!!
Chet now has 19 Gold Coins.
Pat is the current player
They have rolled a 4
Pat's new location is 1
The category is Science
Science Question 15
Answer was correct!!!!
Pat now has 19 Gold Coins.
Sue is the current player
They have rolled a 3
Sue is getting out of the penalty box
Sue's new location is 5
The category is Science
Science Question 16
Answer was correct!!!!
Sue now has 12 Gold Coins.
Chet is the current player
They have rolled a 2
Chet's new location is 7
The category is Rock
Rock Question 12
Question was incorrectly answered
Chet was sent to the penalty box
Pat is the current player
They have rolled a 2
Pat's new location is 3
The category is Rock
Rock Question 13
Answer was correct!!!!
Pat now has 20 Gold Coins.
Sue is the current player
They have rolled a 5
Sue is getting out of the penalty box
Sue's new location is 10
The category is Sports
Sports Question 12
Question was incorrectly answered
Sue was sent to the penalty box
Chet is the current player
They have rolled a 4
Chet is not getting out of the penalty box
Pat is the current player
They have rolled a 6
Pat's new location is 9
The category is Science
Science Question 17
Answer was correct!!!!
Pat now has 21 Gold Coins.
