Chet was added
They are player number 1
Pat was added
They are player number 2
Sue was added
They are player number 3
Chet is the current player
They have rolled a 5
Chet's new location is 5
The category is Science
Science Question 0
Answer was correct!!!!
Chet now has 1 Gold Coins.
Pat is the current player
They have rolled a 1
Pat's new location is 1
The category is Science
Science Question 1
Answer was correct!!!!
Pat now has 1 Gold Coins.
Sue is the current player
They have rolled a 1
Sue's new location is 1
The category is Science
Science Question 2
Answer was correct!!!!
Sue now has 1 Gold Coins.
Chet is the current player
They have rolled a 2
Chet's new location is 7
The category is Rock
Rock Question 0
Answer was correct!!!!
Chet now has 2 Gold Coins.
Pat is the current player
They have rolled a 6
Pat's new location is 7
The category is Rock
Rock Question 1
Answer was correct!!!!
Pat now has 2 Gold Coins.
Sue is the current player
They have rolled a 1
Sue's new location is 2
The category is Sports
Sports Question 0
Question was incorrectly answered
Sue was sent to the penalty box
Chet is the current player
They have rolled a 1
Chet's new location is 8
The category is Pop
Pop Question 0
Answer was correct!!!!
Chet now has 3 Gold Coins.
Pat is the current player
They have rolled a 5
Pat's new location is 0
The category is Pop
Pop Question 1
Answer was correct!!!!
Pat now has 3 Gold Coins.
Sue is the current player
They have rolled a 3
Sue is getting out of the penalty box
Sue's new location is 5
The category is Science
Science Question 3
Answer was correct!!!!
Sue now has 2 Gold Coins.
Chet is the current player
They have rolled a 6
Chet's new location is 2
The category is Sports
Sports Question 1
Answer was correct!!!!
Chet now has 4 Gold Coins.
Pat is the current player
They have rolled a 4
Pat's new location is 4
The category is Pop
Pop Question 2
Answer was correct!!!!
Pat now has 4 Gold Coins.
Sue is the current player
They have rolled a 5
Sue is getting out of the penalty box
Sue's new location is 10
The category is Sports
Sports Question 2
Answer was correct!!!!
Sue now has 3 Gold Coins.
Chet is the current player
They have rolled a 6
Chet's new location is 8
The category is Pop
Pop Question 3
Answer was correct!!!!
Chet now has 5 Gold Coins.
Pat is the current player
They have rolled a 5
Pat's new location is 9
The category is Science
Science Question 4
Answer was correct!!!!
Pat now has 5 Gold Coins.
Sue is the current player
They have rolled a 6
Sue is not getting out of the penalty box
Chet is the current player
They have rolled a 1
Chet's new location is 9
The category is Science
Science Question 5
Answer was correct!!!!
Chet now has 6 Gold Coins.
Pat is the current player
They have rolled a 2
Pat's new location is 11
The category is Rock
Rock Question 2
Answer was correct!!!!
Pat now has 6 Gold Coins.
Sue is the current player
They have rolled a 3
Sue is getting out of the penalty box
Sue's new location is 1
The category is Science
Science Question 6
Answer was correct!!!!
Sue now has 4 Gold Coins.
Chet is the current player
They have rolled a 6
Chet's new location is 3
The category is Rock
Rock Question 3
Answer was correct!!!!
Chet now has 7 Gold Coins.
Pat is the current player
They have rolled a 1
Pat's new location is 0
The category is Pop
Pop Question 4
Answer was correct!!!!
Pat now has 7 Gold Coins.
Sue is the current player
They have rolled a 5
Sue is getting out of the penalty box
Sue's new location is 6
The category is Sports
Sports Question 3
Answer was correct!!!!
Sue now has 5 Gold Coins.
Chet is the current player
They have rolled a 3
Chet's new location is 6
The category is Sports
Sports Question 4
Answer was correct!!!!
Chet now has 8 Gold Coins.
Pat is the current player
They have rolled a 4
Pat's new location is 4
The category is Pop
Pop Question 5
Answer was correct!!!!
Pat now has 8 Gold Coins.
Sue is the current player
They have rolled a 2
Sue is not getting out of the penalty box
Chet is the current player
They have rolled a 6
Chet's new location is 0
The category is Pop
Pop Question 6
Answer was correct!!!!
Chet now has 9 Gold Coins.
Pat is the current player
They have rolled a 4
Pat's new location is 8
The category is Pop
Pop Question 7
Answer was correct!!!!
Pat now has 9 Gold Coins.
Sue is the current player
They have rolled a 1
Sue is getting out of the penalty box
Sue's new location is 7
The category is Rock
Rock Question 4
Answer was correct!!!!
Sue now has 6 Gold Coins.
Chet is the current player
They have rolled a 1
Chet's new location is 1
The category is Science
Science Question 7
Answer was correct!!!!
Chet now has 10 Gold Coins.
Pat is the current player
They have rolled a 6
Pat's new location is 2
The category is Sports
Sports Question 5
Answer was correct!!!!
Pat now has 10 Gold Coins.
Sue is the current player
They have rolled a 3
Sue is getting out of the penalty box
Sue's new location is 10
The category is Sports
Sports Question 6
Answer was correct!!!!
Sue now has 7 Gold Coins.
Chet is the current player
They have rolled a 5
Chet's new location is 6
The category is Sports
Sports Question 7
Answer was correct!!!!
Chet now has 11 Gold Coins.
Pat is the current player
They have rolled a 2
Pat's new location is 4
The category is Pop
Pop Question 8
Answer was correct!!!!
Pat now has 11 Gold Coins.
Sue is the current player
They have rolled a 2
Sue is not getting out of the penalty box
Chet is the current player
They have rolled a 4
Chet's new location is 10
The category is Sports
Sports Question 8
Answer was correct!!!!
Chet now has 12 Gold Coins.
Pat is the current player
They have rolled a 5
Pat's new location is 9
The category is Science
Science Question 8
Answer was correct!!!!
Pat now has 12 Gold Coins.
Sue is the current player
They have rolled a 6
Sue is not getting out of the penalty box
Chet is the current player
They have rolled a 4
Chet's new location is 2
The category is Sports
Sports Question 9
Answer was correct!!!!
Chet now has 13 Gold Coins.
Pat is the current player
They have rolled a 4
Pat's new location is 1
The category is Science
Science Question 9
Answer was correct!!!!
Pat now has 13 Gold Coins.
Sue is the current player
They have rolled a 2
Sue is not getting out of the penalty box
Chet is the current player
They have rolled a 2
Chet's new location is 4
The category is Pop
Pop Question 9
Answer was correct!!!!
Chet now has 14 Gold Coins.
Pat is the current player
They have rolled a 2
Pat's new location is 3
The category is Rock
Rock Question 5
Answer was correct!!!!
Pat now has 14 Gold Coins.
Sue is the current player
They have rolled a 3
Sue is getting out of the penalty box
Sue's new location is 1
The category is Science
Science Question 10
Answer was correct!!!!
Sue now has 8 Gold Coins.
Chet is the current player
They have rolled a 5
Chet's new location is 9
The category is Science
Science Question 11
Answer was correct!!!!
Chet now has 15 Gold Coins.
Pat is the current player
They have rolled a 5
Pat's new location is 8
The category is Pop
Pop Question 10
Answer was correct!!!!
Pat now has 15 Gold Coins.
Sue is the current player
They have rolled a 5
Sue is getting out of the penalty box
Sue's new location is 6
The category is Sports
Sports Question 10
Answer was correct!!!!
Sue now has 9 Gold Coins.
Chet is the current player
They have rolled a 3
Chet's new location is 0
The category is Pop
Pop Question 11
Answer was correct!!!!
Chet now has 16 Gold Coins.
Pat is the current player
They have rolled a 4
Pat's new location is 0
The category is Pop
Pop Question 12
Answer was correct!!!!
Pat now has 16 Gold Coins.
Sue is the current player
They have rolled a 3
Sue is getting out of the penalty box
Sue's new location is 9
The category is Science
Science Question 12
Answer was correct!!!!
Sue now has 10 Gold Coins.
Chet is the current player
They have rolled a 3
Chet's new location is 3
The category is Rock
Rock Question 6
Answer was correct!!!!
Chet now has 17 Gold Coins.
Pat is the current player
They have rolled a 2
Pat's new location is 2
The category is Sports
Sports Question 11
Answer was correct!!!!
Pat now has 17 Gold Coins.
Sue is the current player
They have rolled a 4
Sue is not getting out of the penalty box
Chet is the current player
They have rolled a 5
Chet's new location is 8
The category is Pop
Pop Question 13
Answer was correct!!!!
Chet now has 18 Gold Coins.
Pat is the current player
They have rolled a 3
Pat's new location is 5
The category is Science
Science Question 13
Answer was correct!!!!
Pat now has 18 Gold Coins.
Sue is the current player
They have rolled a 4
Sue is not getting out of the penalty box
Chet is the current player
They have rolled a 4
Chet's new location is 0
The category is Pop
Pop Question 14
Answer was correct!!!!
Chet now has 19 Gold Coins.
Pat is the current player
They have rolled a 1
Pat's new location is 6
The category is Sports
Sports Question 12
Answer was correct!!!!
Pat now has 19 Gold Coins.
Sue is the current player
They have rolled a 6
Sue is not getting out of the penalty box
Chet is the current player
They have rolled a 3
Chet's new location is 3
The category is Rock
Rock Question 7
Answer was correct!!!!
Chet now has 20 Gold Coins.
Pat is the current player
They have rolled a 2
Pat's new location is 8
The category is Pop
Pop Question 15
Answer was correct!!!!
Pat now has 20 Gold Coins.
Sue is the current player
They have rolled a 5
Sue is getting out of the penalty box
Sue's new location is 2
The category is Sports
Sports Question 13
Answer was correct!!!!
Sue now has 11 Gold Coins.
Chet is the current player
They have rolled a 2
Chet's new location is 5
The category is Science
Science Question 14
Answer was correct!!!!
Chet now has 21 Gold Coins.
Pat is the current player
They have rolled a 4
Pat's new location is 0
The category is Pop
Pop Question 16
Answer was correct!!!!
Pat now has 21 Gold Coins.
Sue is the current player
They have rolled a 4
Sue is not getting out of the penalty box
Chet is the current player
They have rolled a 5
Chet's new location is 10
The category is Sports
Sports Question 14
Answer was correct!!!!
Chet now has 22 Gold Coins.
Pat is the current player
They have rolled a 1
Pat's new location is 1
The category is Science
Science Question 15
Answer was correct!!!!
Pat now has 22 Gold Coins.
Sue is the current player
They have rolled a 3
Sue is getting out of the penalty box
Sue's new location is 5
The category is Science
Science Question 16
Answer was correct!!!!
Sue now has 12 Gold Coins.
Chet is the current player
They have rolled a 3
Chet's new location is 1
The category is Science
Science Question 17
Answer was correct!!!!
Chet now has 23 Gold Coins.
Pat is the current player
They have rolled a 2
Pat's new location is 3
The category is Rock
Rock Question 8
Answer was correct!!!!
Pat now has 23 Gold Coins.
Sue is the current player
They have rolled a 6
Sue is not getting out of the penalty box
Chet is the current player
They have rolled a 4
Chet's new location is 5
The category is Science
Science Question 18
Answer was correct!!!!
Chet now has 24 Gold Coins.
Pat is the current player
They have rolled a 2
Pat's new location is 5
The category is Science
Science Question 19
Answer was correct!!!!
Pat now has 24 Gold Coins.
Sue is the current player
They have rolled a 4
Sue is not getting out of the penalty box
Chet is the current player
They have rolled a 3
Chet's new location is 8
The category is Pop
Pop Question 17
Answer was correct!!!!
Chet now has 25 Gold Coins.
Pat is the current player
They have rolled a 5
Pat's new location is 10
The category is Sports
Sports Question 15
Answer was correct!!!!
Pat now has 25 Gold Coins.
Sue is the current player
They have rolled a 5
Sue is getting out of the penalty box
Sue's new location is 10
The category is Sports
Sports Question 16
Answer was correct!!!!
Sue now has 13 Gold Coins.
Chet is the current player
They have rolled a 6
Chet's new location is 2
The category is Sports
Sports Question 17
Answer was correct!!!!
Chet now has 26 Gold Coins.
Pat is the current player
They have rolled a 4
Pat's new location is 2
The category is Sports
Sports Question 18
Answer was correct!!!!
Pat now has 26 Gold Coins.
Sue is the current player
They have rolled a 5
Sue is getting out of the penalty box
Sue's new location is 3
The category is Rock
Rock Question 9
Answer was correct!!!!
Sue now has 14 Gold Coins.
Chet is the current player
They have rolled a 2
Chet's new location is 4
The category is Pop
Pop Question 18
Answer was correct!!!!
Chet now has 27 Gold Coins.
Pat is the current player
They have rolled a 1
Pat's new location is 3
The category is Rock
Rock Question 10
Answer was correct!!!!
Pat now has 27 Gold Coins.
Sue is the current player
They have rolled a 6
Sue is not getting out of the penalty box
Chet is the current player
They have rolled a 2
Chet's new location is 6
The category is Sports
Sports Question 19
Answer was correct!!!!
Chet now has 28 Gold Coins.
Pat is the current player
They have rolled a 2
Pat's new location is 5
The category is Science
Science Question 20
Answer was correct!!!!
Pat now has 28 Gold Coins.
Sue is the current player
They have rolled a 1
Sue is getting out of the penalty box
Sue's new location is 4
The category is Pop
Pop Question 19
Answer was correct!!!!
Sue now has 15 Gold Coins.
Chet is the current player
They have rolled a 3
Chet's new location is 9
The category is Science
Science Question 21
Answer was correct!!!!
Chet now has 29 Gold Coins.
Pat is the current player
They have rolled a 2
Pat's new location is 7
The category is Rock
Rock Question 11
Answer was correct!!!!
Pat now has 29 Gold Coins.
Sue is the current player
They have rolled a 5
Sue is getting out of the penalty box
Sue's new location is 9
The category is Science
Science Question 22
Answer was correct!!!!
Sue now has 16 Gold Coins.
Chet is the current player
They have rolled a 6
Chet's new location is 3
The category is Rock
Rock Question 12
Answer was correct!!!!
Chet now has 30 Gold Coins.
Pat is the current player
They have rolled a 3
Pat's new location is 10
The category is Sports
Sports Question 20
Answer was correct!!!!
Pat now has 30 Gold Coins.
Sue is the current player
They have rolled a 2
Sue is not getting out of the penalty box
Chet is the current player
They have rolled a 6
Chet's new location is 9
The category is Science
Science Question 23
Answer was correct!!!!
Chet now has 31 Gold Coins.
Pat is the current player
They have rolled a 3
Pat's new location is 1
The category is Science
Science Question 24
Answer was correct!!!!
Pat now has 31 Gold Coins.
Sue is the current player
They have rolled a 6
Sue is not getting out of the penalty box
Chet is the current player
They have rolled a 1
Chet's new location is 10
The category is Sports
Sports Question 21
Answer was correct!!!!
Chet now has 32 Gold Coins.
Pat is the current player
They have rolled a 3
Pat's new location is 4
The category is Pop
Pop Question 20
Answer was correct!!!!
Pat now has 32 Gold Coins.
Sue is the current player
They have rolled a 5
Sue is getting out of the penalty box
Sue's new location is 2
The category is Sports
Sports Question 22
Answer was correct!!!!
Sue now has 17 Gold Coins.
Chet is the current player
They have rolled a 6
Chet's new location is 4
The category is Pop
Pop Question 21
Answer was correct!!!!
Chet now has 33 Gold Coins.
Pat is the current player
They have rolled a 1
Pat's new location is 5
The category is Science
Science Question 25
Answer was correct!!!!
Pat now has 33 Gold Coins.
Sue is the current player
They have rolled a 3
Sue is getting out of the penalty box
Sue's new location is 5
The category is Science
Science Question 26
Answer was correct!!!!
Sue now has 18 Gold Coins.
Chet is the current player
They have rolled a 1
Chet's new location is 5
The category is Science
Science Question 27
Answer was correct!!!!
Chet now has 34 Gold Coins.
Pat is the current player
They have rolled a 1
Pat's new location is 6
The category is Sports
Sports Question 23
Answer was correct!!!!
Pat now has 34 Gold Coins.
Sue is the current player
They have rolled a 1
Sue is getting out of the penalty box
Sue's new location is 6
The category is Sports
Sports Question 24
Answer was correct!!!!
Sue now has 19 Gold Coins.
Chet is the current player
They have rolled a 4
Chet's new location is 9
The category is Science
Science Question 28
Answer was correct!!!!
Chet now has 35 Gold Coins.
Pat is the current player
They have rolled a 2
Pat's new location is 8
The category is Pop
Pop Question 22
Question was incorrectly answered
Pat was sent to the penalty box
Sue is the current player
They have rolled a 2
Sue is not getting out of the penalty box
Chet is the current player
They have rolled a 6
Chet's new location is 3
The category is Rock
Rock Question 13
Answer was correct!!!!
Chet now has 36 Gold Coins.
